[debug] [2020-06-02T23:23:24.750Z] ----------------------------------------------------------------------
[debug] [2020-06-02T23:23:24.751Z] Command:       /home/varsha/.nvm/versions/node/v10.11.0/bin/node /home/varsha/.nvm/versions/node/v10.11.0/bin/firebase deploy
[debug] [2020-06-02T23:23:24.752Z] CLI Version:   8.4.1
[debug] [2020-06-02T23:23:24.752Z] Platform:      linux
[debug] [2020-06-02T23:23:24.752Z] Node Version:  v10.11.0
[debug] [2020-06-02T23:23:24.752Z] Time:          Wed Jun 03 2020 04:53:24 GMT+0530 (India Standard Time)
[debug] [2020-06-02T23:23:24.752Z] ----------------------------------------------------------------------
[debug] [2020-06-02T23:23:24.752Z] 
[debug] [2020-06-02T23:23:24.761Z] > command requires scopes: ["email","openid","https://www.googleapis.com/auth/cloudplatformprojects.readonly","https://www.googleapis.com/auth/firebase","https://www.googleapis.com/auth/cloud-platform"]
[debug] [2020-06-02T23:23:24.761Z] > authorizing via signed-in user
[debug] [2020-06-02T23:23:24.762Z] [iam] checking project gdgx-event for permissions ["firebase.projects.get","firebasehosting.sites.update"]
[debug] [2020-06-02T23:23:24.764Z] > refreshing access token with scopes: ["email","https://www.googleapis.com/auth/cloud-platform","https://www.googleapis.com/auth/cloudplatformprojects.readonly","https://www.googleapis.com/auth/firebase","openid"]
[debug] [2020-06-02T23:23:24.764Z] >>> HTTP REQUEST POST https://www.googleapis.com/oauth2/v3/token  
 <request body omitted>
[debug] [2020-06-02T23:23:24.993Z] <<< HTTP RESPONSE 200 {"content-type":"application/json; charset=utf-8","vary":"X-Origin, Referer, Origin,Accept-Encoding","date":"Tue, 02 Jun 2020 23:23:24 GMT","server":"scaffolding on HTTPServer2","cache-control":"private","x-xss-protection":"0","x-frame-options":"SAMEORIGIN","x-content-type-options":"nosniff","alt-svc":"h3-27=\":443\"; ma=2592000,h3-25=\":443\"; ma=2592000,h3-T050=\":443\"; ma=2592000,h3-Q050=\":443\"; ma=2592000,h3-Q049=\":443\"; ma=2592000,h3-Q048=\":443\"; ma=2592000,h3-Q046=\":443\"; ma=2592000,h3-Q043=\":443\"; ma=2592000,quic=\":443\"; ma=2592000; v=\"46,43\"","accept-ranges":"none","transfer-encoding":"chunked"}
[debug] [2020-06-02T23:23:25.053Z] >>> HTTP REQUEST POST https://cloudresourcemanager.googleapis.com/v1/projects/gdgx-event:testIamPermissions  
 {"permissions":["firebase.projects.get","firebasehosting.sites.update"]}
[debug] [2020-06-02T23:23:26.508Z] <<< HTTP RESPONSE 200 {"content-type":"application/json; charset=UTF-8","vary":"X-Origin, Referer, Origin,Accept-Encoding","date":"Tue, 02 Jun 2020 23:23:26 GMT","server":"ESF","cache-control":"private","x-xss-protection":"0","x-frame-options":"SAMEORIGIN","x-content-type-options":"nosniff","server-timing":"gfet4t7; dur=1355","alt-svc":"h3-27=\":443\"; ma=2592000,h3-25=\":443\"; ma=2592000,h3-T050=\":443\"; ma=2592000,h3-Q050=\":443\"; ma=2592000,h3-Q049=\":443\"; ma=2592000,h3-Q048=\":443\"; ma=2592000,h3-Q046=\":443\"; ma=2592000,h3-Q043=\":443\"; ma=2592000,quic=\":443\"; ma=2592000; v=\"46,43\"","accept-ranges":"none","transfer-encoding":"chunked"}
[debug] [2020-06-02T23:23:26.510Z] >>> HTTP REQUEST GET https://firebase.googleapis.com/v1beta1/projects/gdgx-event  
 
[debug] [2020-06-02T23:23:26.848Z] <<< HTTP RESPONSE 200 {"content-type":"application/json; charset=UTF-8","vary":"X-Origin, Referer, Origin,Accept-Encoding","date":"Tue, 02 Jun 2020 23:23:26 GMT","server":"ESF","cache-control":"private","x-xss-protection":"0","x-frame-options":"SAMEORIGIN","x-content-type-options":"nosniff","alt-svc":"h3-27=\":443\"; ma=2592000,h3-25=\":443\"; ma=2592000,h3-T050=\":443\"; ma=2592000,h3-Q050=\":443\"; ma=2592000,h3-Q049=\":443\"; ma=2592000,h3-Q048=\":443\"; ma=2592000,h3-Q046=\":443\"; ma=2592000,h3-Q043=\":443\"; ma=2592000,quic=\":443\"; ma=2592000; v=\"46,43\"","accept-ranges":"none","transfer-encoding":"chunked"}
[info] 
[info] === Deploying to 'gdgx-event'...
[info] 
[info] i  deploying hosting 
[debug] [2020-06-02T23:23:26.861Z] >>> HTTP REQUEST POST https://firebasehosting.googleapis.com/v1beta1/sites/gdgx-event/versions  
 {"config":{"rewrites":[{"glob":"**","path":"/index.html"}],"headers":[{"glob":"**/*.@(eot|otf|ttf|ttc|woff|font.css)","headers":{"Access-Control-Allow-Origin":"*"}},{"glob":"**/*.@(jpg|jpeg|gif|png)","headers":{"Cache-Control":"max-age=31557600"}}]},"labels":{"deployment-tool":"cli-firebase"}}
[debug] [2020-06-02T23:23:29.073Z] <<< HTTP RESPONSE 200 {"content-type":"application/json; charset=UTF-8","vary":"X-Origin, Referer, Origin,Accept-Encoding","date":"Tue, 02 Jun 2020 23:23:28 GMT","server":"ESF","cache-control":"private","x-xss-protection":"0","x-frame-options":"SAMEORIGIN","x-content-type-options":"nosniff","alt-svc":"h3-27=\":443\"; ma=2592000,h3-25=\":443\"; ma=2592000,h3-T050=\":443\"; ma=2592000,h3-Q050=\":443\"; ma=2592000,h3-Q049=\":443\"; ma=2592000,h3-Q048=\":443\"; ma=2592000,h3-Q046=\":443\"; ma=2592000,h3-Q043=\":443\"; ma=2592000,quic=\":443\"; ma=2592000; v=\"46,43\"","accept-ranges":"none","transfer-encoding":"chunked"}
[info] i  hosting[gdgx-event]: beginning deploy... 
[info] i  hosting[gdgx-event]: found 42 files in dist 
[debug] [2020-06-02T23:23:29.348Z] [hosting] hash cache [ZGlzdA] stored for 42 files
[debug] [2020-06-02T23:23:29.348Z] [hosting][hash queue][FINAL] {"max":230,"min":20,"avg":27.238095238095237,"active":0,"complete":42,"success":42,"errored":0,"retried":0,"total":42,"elapsed":239}
[debug] [2020-06-02T23:23:29.348Z] >>> HTTP REQUEST POST https://firebasehosting.googleapis.com/v1beta1/sites/gdgx-event/versions/0d3eb7d0fce04e71:populateFiles  
 <request body omitted>
[debug] [2020-06-02T23:23:31.213Z] <<< HTTP RESPONSE 200 {"content-type":"application/json; charset=UTF-8","vary":"X-Origin, Referer, Origin,Accept-Encoding","date":"Tue, 02 Jun 2020 23:23:31 GMT","server":"ESF","cache-control":"private","x-xss-protection":"0","x-frame-options":"SAMEORIGIN","x-content-type-options":"nosniff","alt-svc":"h3-27=\":443\"; ma=2592000,h3-25=\":443\"; ma=2592000,h3-T050=\":443\"; ma=2592000,h3-Q050=\":443\"; ma=2592000,h3-Q049=\":443\"; ma=2592000,h3-Q048=\":443\"; ma=2592000,h3-Q046=\":443\"; ma=2592000,h3-Q043=\":443\"; ma=2592000,quic=\":443\"; ma=2592000; v=\"46,43\"","accept-ranges":"none","transfer-encoding":"chunked"}
[debug] [2020-06-02T23:23:31.240Z] [hosting][populate queue][FINAL] {"max":1870,"min":1870,"avg":1870,"active":0,"complete":1,"success":1,"errored":0,"retried":0,"total":1,"elapsed":1893}
[debug] [2020-06-02T23:23:31.240Z] [hosting] uploads queued: 40
[debug] [2020-06-02T23:23:35.453Z] [hosting][upload queue][FINAL] {"max":4236,"min":2739,"avg":3520.55,"active":0,"complete":40,"success":40,"errored":0,"retried":0,"total":40,"elapsed":4239}
[info] ✔  hosting[gdgx-event]: file upload complete 
[debug] [2020-06-02T23:23:35.455Z] [hosting] deploy completed after 6380ms
[debug] [2020-06-02T23:23:35.669Z] [
  {
    "config": {
      "public": "dist",
      "ignore": [
        "firebase.json",
        "**/.*",
        "**/node_modules/**"
      ],
      "rewrites": [
        {
          "source": "**",
          "destination": "/index.html"
        }
      ],
      "headers": [
        {
          "source": "**/*.@(eot|otf|ttf|ttc|woff|font.css)",
          "headers": [
            {
              "key": "Access-Control-Allow-Origin",
              "value": "*"
            }
          ]
        },
        {
          "source": "**/*.@(jpg|jpeg|gif|png)",
          "headers": [
            {
              "key": "Cache-Control",
              "value": "max-age=31557600"
            }
          ]
        }
      ],
      "site": "gdgx-event"
    },
    "site": "gdgx-event",
    "version": "sites/gdgx-event/versions/0d3eb7d0fce04e71"
  }
]
[info] i  hosting[gdgx-event]: finalizing version... 
[debug] [2020-06-02T23:23:35.670Z] >>> HTTP REQUEST PATCH https://firebasehosting.googleapis.com/v1beta1/sites/gdgx-event/versions/0d3eb7d0fce04e71?updateMask=status  
 {"status":"FINALIZED"}
[debug] [2020-06-02T23:23:37.419Z] <<< HTTP RESPONSE 200 {"content-type":"application/json; charset=UTF-8","vary":"X-Origin, Referer, Origin,Accept-Encoding","date":"Tue, 02 Jun 2020 23:23:37 GMT","server":"ESF","cache-control":"private","x-xss-protection":"0","x-frame-options":"SAMEORIGIN","x-content-type-options":"nosniff","alt-svc":"h3-27=\":443\"; ma=2592000,h3-25=\":443\"; ma=2592000,h3-T050=\":443\"; ma=2592000,h3-Q050=\":443\"; ma=2592000,h3-Q049=\":443\"; ma=2592000,h3-Q048=\":443\"; ma=2592000,h3-Q046=\":443\"; ma=2592000,h3-Q043=\":443\"; ma=2592000,quic=\":443\"; ma=2592000; v=\"46,43\"","accept-ranges":"none","transfer-encoding":"chunked"}
[debug] [2020-06-02T23:23:37.420Z] [hosting] finalized version for gdgx-event: {"name":"sites/gdgx-event/versions/0d3eb7d0fce04e71","status":"FINALIZED","config":{"headers":[{"headers":{"Access-Control-Allow-Origin":"*"},"glob":"**/*.@(eot|otf|ttf|ttc|woff|font.css)"},{"headers":{"Cache-Control":"max-age=31557600"},"glob":"**/*.@(jpg|jpeg|gif|png)"}],"rewrites":[{"glob":"**","path":"/index.html"}]},"labels":{"deployment-tool":"cli-firebase"},"createTime":"2020-06-02T23:23:28.422413Z","createUser":{"email":"shaluvarshajaiswal@gmail.com"},"finalizeTime":"2020-06-02T23:23:37.216062Z","finalizeUser":{"email":"shaluvarshajaiswal@gmail.com"}}
[info] ✔  hosting[gdgx-event]: version finalized 
[info] i  hosting[gdgx-event]: releasing new version... 
[debug] [2020-06-02T23:23:37.423Z] >>> HTTP REQUEST POST https://firebasehosting.googleapis.com/v1beta1/sites/gdgx-event/releases?version_name=sites/gdgx-event/versions/0d3eb7d0fce04e71  
 {"message":null}
[debug] [2020-06-02T23:23:39.056Z] <<< HTTP RESPONSE 200 {"content-type":"application/json; charset=UTF-8","vary":"X-Origin, Referer, Origin,Accept-Encoding","date":"Tue, 02 Jun 2020 23:23:38 GMT","server":"ESF","cache-control":"private","x-xss-protection":"0","x-frame-options":"SAMEORIGIN","x-content-type-options":"nosniff","alt-svc":"h3-27=\":443\"; ma=2592000,h3-25=\":443\"; ma=2592000,h3-T050=\":443\"; ma=2592000,h3-Q050=\":443\"; ma=2592000,h3-Q049=\":443\"; ma=2592000,h3-Q048=\":443\"; ma=2592000,h3-Q046=\":443\"; ma=2592000,h3-Q043=\":443\"; ma=2592000,quic=\":443\"; ma=2592000; v=\"46,43\"","accept-ranges":"none","transfer-encoding":"chunked"}
[debug] [2020-06-02T23:23:39.057Z] [hosting] release: {"name":"sites/gdgx-event/releases/1591140218858268","version":{"name":"sites/gdgx-event/versions/0d3eb7d0fce04e71","status":"FINALIZED","config":{"headers":[{"headers":{"Access-Control-Allow-Origin":"*"},"glob":"**/*.@(eot|otf|ttf|ttc|woff|font.css)"},{"headers":{"Cache-Control":"max-age=31557600"},"glob":"**/*.@(jpg|jpeg|gif|png)"}],"rewrites":[{"glob":"**","path":"/index.html"}]}},"type":"DEPLOY","releaseTime":"2020-06-02T23:23:38Z"}
[info] ✔  hosting[gdgx-event]: release complete 
[info] 
[info] ✔  Deploy complete! 
[info] 
[info] Project Console: https://console.firebase.google.com/project/gdgx-event/overview
[info] Hosting URL: https://gdgx-event.web.app

